<?xml version="1.0" encoding="UTF-8"?>
<!-- Generated by org.testng.reporters.JUnitReportReporter -->
<testsuite skipped="0" hostname="LAPTOP-81OO3J3Q" name="com.hrms.practice.MataData" tests="1" failures="0" timestamp="2020-10-22T21:43:13 EDT" time="0.360" errors="0">
  <testcase name="resultSetMetaData" time="0.360" classname="com.hrms.practice.MataData"/>
  <system-out/>
</testsuite> <!-- com.hrms.practice.MataData -->
