<?xml version="1.0" encoding="UTF-8"?>
<!-- Generated by org.testng.reporters.JUnitReportReporter -->
<testsuite skipped="0" hostname="LAPTOP-81OO3J3Q" name="com.hrms.practice.AdvanceDataStoring" tests="1" failures="0" timestamp="2020-10-20T20:38:26 EDT" time="0.435" errors="0">
  <testcase name="anotherTest" time="0.435" classname="com.hrms.practice.AdvanceDataStoring"/>
  <system-out/>
</testsuite> <!-- com.hrms.practice.AdvanceDataStoring -->
