<?xml version="1.0" encoding="UTF-8"?>
<!-- Generated by org.testng.reporters.JUnitReportReporter -->
<testsuite skipped="0" hostname="LAPTOP-81OO3J3Q" name="com.hrms.API.steps.practice.TDDConcepts" tests="2" failures="0" timestamp="2020-10-25T12:27:56 EDT" time="0.009" errors="0">
  <testcase name="hello" time="0.006" classname="com.hrms.API.steps.practice.TDDConcepts"/>
  <system-out/>
  <testcase name="welcome" time="0.003" classname="com.hrms.API.steps.practice.TDDConcepts"/>
  <system-out/>
</testsuite> <!-- com.hrms.API.steps.practice.TDDConcepts -->
